Using pre-set license
Built from '2021.1/staging' branch; Version is '2021.1.27f1 (7e296a84045d) revision 8268138'; Using compiler version '192528614'; Build Type 'Release'
OS: 'Windows 10 Home; OS build 19043.1288; Version 2009; 64bit' Language: 'fr' Physical Memory: 16258 MB
BatchMode: 1, IsHumanControllingUs: 0, StartBugReporterOnCrash: 0, Is64bit: 1, IsPro: 0

COMMAND LINE ARGUMENTS:
C:\Program Files\Unity\Hub\Editor\2021.1.27f1\Editor\Unity.exe
-adb2
-batchMode
-noUpm
-name
AssetImportWorker3
-projectPath
D:/GitHub/GitHub/VFX-Library/VFX-Library/VFX-Library
-logFile
Logs/AssetImportWorker3.log
-srvPort
4424
Successfully changed project path to: D:/GitHub/GitHub/VFX-Library/VFX-Library/VFX-Library
D:/GitHub/GitHub/VFX-Library/VFX-Library/VFX-Library
Using Asset Import Pipeline V2.
Refreshing native plugins compatible for Editor in 193.08 ms, found 3 plugins.
Preloading 0 native plugins for Editor in 0.00 ms.
Initialize engine version: 2021.1.27f1 (7e296a84045d)
[Subsystems] Discovering subsystems at path C:/Program Files/Unity/Hub/Editor/2021.1.27f1/Editor/Data/Resources/UnitySubsystems
[Subsystems] Discovering subsystems at path D:/GitHub/GitHub/VFX-Library/VFX-Library/VFX-Library/Assets
GfxDevice: creating device client; threaded=0; jobified=0
Direct3D:
    Version:  Direct3D 11.0 [level 11.1]
    Renderer: NVIDIA GeForce GTX 1060 (ID=0x1c20)
    Vendor:   NVIDIA
    VRAM:     6052 MB
    Driver:   30.0.14.9649
Initialize mono
Mono path[0] = 'C:/Program Files/Unity/Hub/Editor/2021.1.27f1/Editor/Data/Managed'
Mono path[1] = 'C:/Program Files/Unity/Hub/Editor/2021.1.27f1/Editor/Data/MonoBleedingEdge/lib/mono/unityjit'
Mono config path = 'C:/Program Files/Unity/Hub/Editor/2021.1.27f1/Editor/Data/MonoBleedingEdge/etc'
Using monoOptions --debugger-agent=transport=dt_socket,embedding=1,server=y,suspend=n,address=127.0.0.1:56508
Begin MonoManager ReloadAssembly
Registering precompiled unity dll's ...
Register platform support module: C:/Program Files/Unity/Hub/Editor/2021.1.27f1/Editor/Data/PlaybackEngines/WindowsStandaloneSupport/UnityEditor.WindowsStandalone.Extensions.dll
Registered in 0.002767 seconds.
Native extension for WindowsStandalone target not found
Refreshing native plugins compatible for Editor in 205.43 ms, found 3 plugins.
Preloading 0 native plugins for Editor in 0.00 ms.
Mono: successfully reloaded assembly
- Completed reload, in  1.754 seconds
Domain Reload Profiling:
	ReloadAssembly (1755ms)
		BeginReloadAssembly (92ms)
			ExecutionOrderSort (0ms)
			DisableScriptedObjects (0ms)
			BackupInstance (0ms)
			ReleaseScriptingObjects (0ms)
			CreateAndSetChildDomain (1ms)
		EndReloadAssembly (819ms)
			LoadAssemblies (90ms)
			RebuildTransferFunctionScriptingTraits (0ms)
			SetupTypeCache (268ms)
			ReleaseScriptCaches (0ms)
			RebuildScriptCaches (47ms)
			SetupLoadedEditorAssemblies (428ms)
				LogAssemblyErrors (0ms)
				InitializePlatformSupportModulesInManaged (9ms)
				SetLoadedEditorAssemblies (0ms)
				RefreshPlugins (206ms)
				BeforeProcessingInitializeOnLoad (2ms)
				ProcessInitializeOnLoadAttributes (174ms)
				ProcessInitializeOnLoadMethodAttributes (38ms)
				AfterProcessingInitializeOnLoad (0ms)
				EditorAssembliesLoaded (0ms)
			ExecutionOrderSort2 (0ms)
			AwakeInstancesAfterBackupRestoration (0ms)
Platform modules already initialized, skipping
Registering precompiled user dll's ...
Registered in 0.007320 seconds.
Begin MonoManager ReloadAssembly
Symbol file LoadedFromMemory doesn't match image D:\GitHub\GitHub\VFX-Library\VFX-Library\VFX-Library\Library\PackageCache\com.unity.visualscripting@1.6.1\Editor\VisualScripting.Core\Dependencies\YamlDotNet\Unity.VisualScripting.YamlDotNet.dll
Symbol file LoadedFromMemory doesn't match image D:\GitHub\GitHub\VFX-Library\VFX-Library\VFX-Library\Library\PackageCache\com.unity.visualscripting@1.6.1\Editor\VisualScripting.Core\Dependencies\DotNetZip\Unity.VisualScripting.IonicZip.dll
Native extension for WindowsStandalone target not found
Refreshing native plugins compatible for Editor in 199.46 ms, found 3 plugins.
Preloading 0 native plugins for Editor in 0.00 ms.
Mono: successfully reloaded assembly
- Completed reload, in  2.864 seconds
Domain Reload Profiling:
	ReloadAssembly (2865ms)
		BeginReloadAssembly (226ms)
			ExecutionOrderSort (0ms)
			DisableScriptedObjects (7ms)
			BackupInstance (0ms)
			ReleaseScriptingObjects (0ms)
			CreateAndSetChildDomain (27ms)
		EndReloadAssembly (2567ms)
			LoadAssemblies (135ms)
			RebuildTransferFunctionScriptingTraits (0ms)
			SetupTypeCache (1071ms)
			ReleaseScriptCaches (1ms)
			RebuildScriptCaches (141ms)
			SetupLoadedEditorAssemblies (1066ms)
				LogAssemblyErrors (0ms)
				InitializePlatformSupportModulesInManaged (6ms)
				SetLoadedEditorAssemblies (0ms)
				RefreshPlugins (200ms)
				BeforeProcessingInitializeOnLoad (148ms)
				ProcessInitializeOnLoadAttributes (458ms)
				ProcessInitializeOnLoadMethodAttributes (242ms)
				AfterProcessingInitializeOnLoad (12ms)
				EditorAssembliesLoaded (0ms)
			ExecutionOrderSort2 (0ms)
			AwakeInstancesAfterBackupRestoration (12ms)
Platform modules already initialized, skipping
========================================================================
Worker process is ready to serve import requests
Launched and connected shader compiler UnityShaderCompiler.exe after 0.10 seconds
Refreshing native plugins compatible for Editor in 2.50 ms, found 3 plugins.
Preloading 0 native plugins for Editor in 0.00 ms.
Unloading 5295 Unused Serialized files (Serialized files now loaded: 0)
System memory in use before: 223.4 MB.
System memory in use after: 223.8 MB.

Unloading 23 unused Assets to reduce memory usage. Loaded Objects now: 5758.
Total: 10.060900 ms (FindLiveObjects: 1.102900 ms CreateObjectMapping: 0.946500 ms MarkObjects: 7.862800 ms  DeleteObjects: 0.145500 ms)

AssetImportParameters requested are different than current active one (requested -> active):
  custom:framework-win-MediaFoundation: 216162199b28c13a410421893ffa2e32 -> 
  custom:video-decoder-ogg-theora: a1e56fd34408186e4bbccfd4996cb3dc -> 
  custom:container-muxer-webm: aa71ff27fc2769a1b78a27578f13a17b -> 
  custom:container-demuxer-webm: 4f35f7cbe854078d1ac9338744f61a02 -> 
  custom:container-demuxer-ogg: 62fdf1f143b41e24485cea50d1cbac27 -> 
  custom:video-encoder-webm-vp8: eb34c28f22e8b96e1ab97ce403110664 -> 
  custom:video-codec-MediaFoundation-h265: 746d11721c4dcdbdad8f713fa42b33f4 -> 
  custom:video-decoder-webm-vp8: 9c59270c3fd7afecdb556c50c9e8de78 -> 
  custom:audio-decoder-ogg-vorbis: bf7c407c2cedff20999df2af8eb42d56 -> 
  custom:audio-encoder-webm-vorbis: bf7c407c2cedff20999df2af8eb42d56 -> 
========================================================================
Received Import Request.
  path: Assets/_TECH/High Definition RP VFX SHADERS/11.0.0/Particle System Shader Samples/Shaders/ParticleLit.shadergraph
  artifactKey: Guid(6fabb132d3e307c4c97becb08f822dbf) Importer(815301076,1909f56bfc062723c751e8b465ee728b)
Start importing Assets/_TECH/High Definition RP VFX SHADERS/11.0.0/Particle System Shader Samples/Shaders/ParticleLit.shadergraph using Guid(6fabb132d3e307c4c97becb08f822dbf) Importer(815301076,1909f56bfc062723c751e8b465ee728b)  -> (artifact id: '39d0b3fdea59c637d21905bf99d8ec33') in 0.044926 seconds 
========================================================================
Received Import Request.
  Time since last request: 2.080636 seconds.
  path: Assets/_TECH/High Definition RP VFX SHADERS/11.0.0/Particle System Shader Samples/Shaders/Subgraphs
  artifactKey: Guid(298930106d891c9449fc3de647df7791) Importer(815301076,1909f56bfc062723c751e8b465ee728b)
Start importing Assets/_TECH/High Definition RP VFX SHADERS/11.0.0/Particle System Shader Samples/Shaders/Subgraphs using Guid(298930106d891c9449fc3de647df7791) Importer(815301076,1909f56bfc062723c751e8b465ee728b)  -> (artifact id: '0ade4bc9e7ad3aed9e552774c77062ae') in 0.015820 seconds 
========================================================================
Received Import Request.
  Time since last request: 0.038490 seconds.
  path: Assets/_TECH/High Definition RP VFX SHADERS/11.0.0/Particle System Shader Samples/Shaders/Subgraphs/ParticleCameraFade.shadersubgraph
  artifactKey: Guid(dd4fa652b47611c419d37ca036ce697f) Importer(815301076,1909f56bfc062723c751e8b465ee728b)
Start importing Assets/_TECH/High Definition RP VFX SHADERS/11.0.0/Particle System Shader Samples/Shaders/Subgraphs/ParticleCameraFade.shadersubgraph using Guid(dd4fa652b47611c419d37ca036ce697f) Importer(815301076,1909f56bfc062723c751e8b465ee728b)  -> (artifact id: '2e7261b8db5e854bc2869f9a060445b6') in 0.020630 seconds 
========================================================================
Received Import Request.
  Time since last request: 0.000284 seconds.
  path: Assets/_TECH/High Definition RP VFX SHADERS/11.0.0/Particle System Shader Samples/Shaders/Subgraphs/ParticleDistortion.shadersubgraph
  artifactKey: Guid(62b5c3f7a02b14a4d87eeea12dae07bb) Importer(815301076,1909f56bfc062723c751e8b465ee728b)
Start importing Assets/_TECH/High Definition RP VFX SHADERS/11.0.0/Particle System Shader Samples/Shaders/Subgraphs/ParticleDistortion.shadersubgraph using Guid(62b5c3f7a02b14a4d87eeea12dae07bb) Importer(815301076,1909f56bfc062723c751e8b465ee728b)  -> (artifact id: '988ce1791848302c85dc0e3019989ee6') in 0.011199 seconds 
========================================================================
Received Import Request.
  Time since last request: 0.000246 seconds.
  path: Assets/_TECH/High Definition RP VFX SHADERS/11.0.0/Particle System Shader Samples/Shaders/Subgraphs/ParticleFlipbookBlending.shadersubgraph
  artifactKey: Guid(05b47831421900c49925e8aab352d822) Importer(815301076,1909f56bfc062723c751e8b465ee728b)
Start importing Assets/_TECH/High Definition RP VFX SHADERS/11.0.0/Particle System Shader Samples/Shaders/Subgraphs/ParticleFlipbookBlending.shadersubgraph using Guid(05b47831421900c49925e8aab352d822) Importer(815301076,1909f56bfc062723c751e8b465ee728b)  -> (artifact id: 'da98ecd10b835bcc29b0ee488933b537') in 0.011236 seconds 
========================================================================
Received Import Request.
  Time since last request: 0.000248 seconds.
  path: Assets/_TECH/High Definition RP VFX SHADERS/11.0.0/Particle System Shader Samples/Shaders/Subgraphs/ParticleVertexColor.shadersubgraph
  artifactKey: Guid(949fc2a212e73804aa80ab6100b7d360) Importer(815301076,1909f56bfc062723c751e8b465ee728b)
Start importing Assets/_TECH/High Definition RP VFX SHADERS/11.0.0/Particle System Shader Samples/Shaders/Subgraphs/ParticleVertexColor.shadersubgraph using Guid(949fc2a212e73804aa80ab6100b7d360) Importer(815301076,1909f56bfc062723c751e8b465ee728b)  -> (artifact id: '1d44265c13cfb8b60ee6c83c44257a05') in 0.009992 seconds 
========================================================================
Received Import Request.
  Time since last request: 0.000262 seconds.
  path: Assets/_TECH/High Definition RP VFX SHADERS/11.0.0/Particle System Shader Samples/Shaders/Subgraphs/SoftParticles.shadersubgraph
  artifactKey: Guid(584d5fe956cac4c4290a493e519136f0) Importer(815301076,1909f56bfc062723c751e8b465ee728b)
Start importing Assets/_TECH/High Definition RP VFX SHADERS/11.0.0/Particle System Shader Samples/Shaders/Subgraphs/SoftParticles.shadersubgraph using Guid(584d5fe956cac4c4290a493e519136f0) Importer(815301076,1909f56bfc062723c751e8b465ee728b)  -> (artifact id: 'd1cad68aee0384bac234615ecf72abb9') in 0.010145 seconds 
========================================================================
Received Import Request.
  Time since last request: 14.933060 seconds.
  path: Assets/_TECH/High Definition RP VFX SHADERS/11.0.0/Particle System Shader Samples/Shaders/Subgraphs/ParticleVertexColor.shadersubgraph
  artifactKey: Guid(949fc2a212e73804aa80ab6100b7d360) Importer(815301076,1909f56bfc062723c751e8b465ee728b)
Start importing Assets/_TECH/High Definition RP VFX SHADERS/11.0.0/Particle System Shader Samples/Shaders/Subgraphs/ParticleVertexColor.shadersubgraph using Guid(949fc2a212e73804aa80ab6100b7d360) Importer(815301076,1909f56bfc062723c751e8b465ee728b)  -> (artifact id: '25062bab5f387b6a5e64d6e4eda08115') in 0.002433 seconds 
========================================================================
Received Import Request.
  Time since last request: 3.494404 seconds.
  path: Assets/_TECH/High Definition RP VFX SHADERS/11.0.0/Particle System Shader Samples/Shaders/Subgraphs/SoftParticles.shadersubgraph
  artifactKey: Guid(584d5fe956cac4c4290a493e519136f0) Importer(815301076,1909f56bfc062723c751e8b465ee728b)
Start importing Assets/_TECH/High Definition RP VFX SHADERS/11.0.0/Particle System Shader Samples/Shaders/Subgraphs/SoftParticles.shadersubgraph using Guid(584d5fe956cac4c4290a493e519136f0) Importer(815301076,1909f56bfc062723c751e8b465ee728b)  -> (artifact id: '1da1dbc5b613c2609e4879879d4068e0') in 0.002403 seconds 
========================================================================
Received Import Request.
  Time since last request: 19.797481 seconds.
  path: Assets/_TECH/High Definition RP VFX SHADERS/11.0.0/Particle System Shader Samples/Shaders/ParticleLitFlipbookCameraFading.shadergraph
  artifactKey: Guid(2f967a2fb532dab47b7aa2adfec11422) Importer(815301076,1909f56bfc062723c751e8b465ee728b)
Start importing Assets/_TECH/High Definition RP VFX SHADERS/11.0.0/Particle System Shader Samples/Shaders/ParticleLitFlipbookCameraFading.shadergraph using Guid(2f967a2fb532dab47b7aa2adfec11422) Importer(815301076,1909f56bfc062723c751e8b465ee728b)  -> (artifact id: '429549f9741c0bf21235e419491e12ec') in 0.008110 seconds 
========================================================================
Received Import Request.
  Time since last request: 23.681844 seconds.
  path: Assets/_TECH/High Definition RP VFX SHADERS/11.0.0/Particle System Shader Samples/Shaders/ParticleLitFlipbookCameraFading.shadergraph
  artifactKey: Guid(2f967a2fb532dab47b7aa2adfec11422) Importer(815301076,1909f56bfc062723c751e8b465ee728b)
Start importing Assets/_TECH/High Definition RP VFX SHADERS/11.0.0/Particle System Shader Samples/Shaders/ParticleLitFlipbookCameraFading.shadergraph using Guid(2f967a2fb532dab47b7aa2adfec11422) Importer(815301076,1909f56bfc062723c751e8b465ee728b)  -> (artifact id: '50f2d4722145901644c088273ae757e5') in 0.005112 seconds 
========================================================================
Received Import Request.
  Time since last request: 75.813982 seconds.
  path: Assets/EffectExamples/Smoke & Steam Effects/Prefabs
  artifactKey: Guid(3147bfcb12ccd7945a5f2fa3c702f09f) Importer(815301076,1909f56bfc062723c751e8b465ee728b)
Start importing Assets/EffectExamples/Smoke & Steam Effects/Prefabs using Guid(3147bfcb12ccd7945a5f2fa3c702f09f) Importer(815301076,1909f56bfc062723c751e8b465ee728b)  -> (artifact id: 'e2a43b1687b0a1851775a854af85d911') in 0.093048 seconds 
========================================================================
Received Import Request.
  Time since last request: 0.009874 seconds.
  path: Assets/EffectExamples/Smoke & Steam Effects/Prefabs/SmokeEffect.prefab
  artifactKey: Guid(73767e07adddc394d82b994801f89bbb) Importer(815301076,1909f56bfc062723c751e8b465ee728b)
Start importing Assets/EffectExamples/Smoke & Steam Effects/Prefabs/SmokeEffect.prefab using Guid(73767e07adddc394d82b994801f89bbb) Importer(815301076,1909f56bfc062723c751e8b465ee728b)  -> (artifact id: '0d618786dba6560004bff0eea148fb6b') in 39.390969 seconds 
========================================================================
Received Import Request.
  Time since last request: 0.000372 seconds.
  path: Assets/EffectExamples/Smoke & Steam Effects/Materials/SandParticle.mat
  artifactKey: Guid(e689f2433ec031e41ae61c69dfb6db02) Importer(815301076,1909f56bfc062723c751e8b465ee728b)
Start importing Assets/EffectExamples/Smoke & Steam Effects/Materials/SandParticle.mat using Guid(e689f2433ec031e41ae61c69dfb6db02) Importer(815301076,1909f56bfc062723c751e8b465ee728b)  -> (artifact id: 'b1e11ba9e7c3ec1bbe2784712d84d42b') in 9.078632 seconds 
========================================================================
Received Import Request.
  Time since last request: 0.142563 seconds.
  path: Assets/EffectExamples/Smoke & Steam Effects/Materials/Dust.mat
  artifactKey: Guid(0227585ad08c3da4ab3286a2f78d42f5) Importer(815301076,1909f56bfc062723c751e8b465ee728b)
Start importing Assets/EffectExamples/Smoke & Steam Effects/Materials/Dust.mat using Guid(0227585ad08c3da4ab3286a2f78d42f5) Importer(815301076,1909f56bfc062723c751e8b465ee728b)  -> (artifact id: '5ed36c97136d8e24962055cf5aaccbd8') in 6.994511 seconds 
========================================================================
Received Import Request.
  Time since last request: 0.000273 seconds.
  path: Assets/EffectExamples/Smoke & Steam Effects/Materials/Flame01.mat
  artifactKey: Guid(e43d70c08c6bf7e4aa274e46393928b3) Importer(815301076,1909f56bfc062723c751e8b465ee728b)
Start importing Assets/EffectExamples/Smoke & Steam Effects/Materials/Flame01.mat using Guid(e43d70c08c6bf7e4aa274e46393928b3) Importer(815301076,1909f56bfc062723c751e8b465ee728b)  -> (artifact id: '89bf76ed3ad5c007ee3a35a10f50a37d') in 0.018116 seconds 
========================================================================
Received Import Request.
  Time since last request: 0.000345 seconds.
  path: Assets/EffectExamples/Smoke & Steam Effects/Materials/Smoke02.mat
  artifactKey: Guid(43d3e21dd15c3b847957abee25d004d9) Importer(815301076,1909f56bfc062723c751e8b465ee728b)
Start importing Assets/EffectExamples/Smoke & Steam Effects/Materials/Smoke02.mat using Guid(43d3e21dd15c3b847957abee25d004d9) Importer(815301076,1909f56bfc062723c751e8b465ee728b)  -> (artifact id: '465c5a4475556be6be1866e056b00e05') in 0.028455 seconds 
========================================================================
Received Import Request.
  Time since last request: 0.000291 seconds.
  path: Assets/EffectExamples/Smoke & Steam Effects/Materials/wispySmoke.mat
  artifactKey: Guid(4cd7f6cf6430b2347803bd0c957fbbce) Importer(815301076,1909f56bfc062723c751e8b465ee728b)
Start importing Assets/EffectExamples/Smoke & Steam Effects/Materials/wispySmoke.mat using Guid(4cd7f6cf6430b2347803bd0c957fbbce) Importer(815301076,1909f56bfc062723c751e8b465ee728b)  -> (artifact id: 'd53730c9b20035d1f583fed682213c35') in 8.876203 seconds 
========================================================================
Received Import Request.
  Time since last request: 0.000280 seconds.
  path: Assets/New Material.mat
  artifactKey: Guid(525f9d9446153ce4a8c1f5fe54a5d12b) Importer(815301076,1909f56bfc062723c751e8b465ee728b)
Start importing Assets/New Material.mat using Guid(525f9d9446153ce4a8c1f5fe54a5d12b) Importer(815301076,1909f56bfc062723c751e8b465ee728b)  -> (artifact id: '9c39acff1d8694d6322dba0b5602667e') in 0.023328 seconds 
========================================================================
Received Import Request.
  Time since last request: 0.000328 seconds.
  path: Assets/EffectExamples/Smoke & Steam Effects/Materials/Embers.mat
  artifactKey: Guid(cb54088e4fe82ce44aafb5f3dc12b530) Importer(815301076,1909f56bfc062723c751e8b465ee728b)
Start importing Assets/EffectExamples/Smoke & Steam Effects/Materials/Embers.mat using Guid(cb54088e4fe82ce44aafb5f3dc12b530) Importer(815301076,1909f56bfc062723c751e8b465ee728b)  -> (artifact id: '6719b754b08dc1fcb68d38e482472c12') in 0.024544 seconds 
========================================================================
Received Import Request.
  Time since last request: 0.000273 seconds.
  path: Assets/EffectExamples/Smoke & Steam Effects/Materials/SmokeLight.mat
  artifactKey: Guid(f06455b167e1b0b428c9af62d7aa6832) Importer(815301076,1909f56bfc062723c751e8b465ee728b)
Start importing Assets/EffectExamples/Smoke & Steam Effects/Materials/SmokeLight.mat using Guid(f06455b167e1b0b428c9af62d7aa6832) Importer(815301076,1909f56bfc062723c751e8b465ee728b)  -> (artifact id: 'fcf4e6fac452356e3909e8e67beb42b1') in 0.026679 seconds 
========================================================================
Received Import Request.
  Time since last request: 0.000280 seconds.
  path: Assets/EffectExamples/Smoke & Steam Effects/Materials/HeatDistortion.mat
  artifactKey: Guid(3c90f41c7ad75cd4db41faa565660d18) Importer(815301076,1909f56bfc062723c751e8b465ee728b)
Start importing Assets/EffectExamples/Smoke & Steam Effects/Materials/HeatDistortion.mat using Guid(3c90f41c7ad75cd4db41faa565660d18) Importer(815301076,1909f56bfc062723c751e8b465ee728b)  -> (artifact id: '2dc0b4fc7d2de2f1ecfd318ce1cb0372') in 0.036431 seconds 
========================================================================
Received Import Request.
  Time since last request: 0.000315 seconds.
  path: Assets/EffectExamples/Smoke & Steam Effects/Materials/SmokeySteam01.mat
  artifactKey: Guid(df0a9d4a1d2f26c4eb697a71ac5b82d6) Importer(815301076,1909f56bfc062723c751e8b465ee728b)
Start importing Assets/EffectExamples/Smoke & Steam Effects/Materials/SmokeySteam01.mat using Guid(df0a9d4a1d2f26c4eb697a71ac5b82d6) Importer(815301076,1909f56bfc062723c751e8b465ee728b)  -> (artifact id: '9e579a654917f6a095e0080605506534') in 7.596986 seconds 
AssetImportWorkerClient::OnTransportError - code=2 error=End of file
