
=== Wed Feb  1 22:30:38 2023

Packages were changed.
Update Mode: updateDependencies

The following packages were added:
  com.unity.ai.navigation@1.1.1
The following packages were updated:
  com.unity.collab-proxy from version 1.13.5 to 2.0.0
  com.unity.ide.rider from version 3.0.7 to 3.0.18
  com.unity.ide.visualstudio from version 2.0.11 to 2.0.17
  com.unity.ide.vscode from version 1.2.4 to 1.2.5
  com.unity.render-pipelines.high-definition from version 11.0.0 to 14.0.5
  com.unity.test-framework from version 1.1.30 to 1.1.33
  com.unity.timeline from version 1.5.7 to 1.7.2
  com.unity.visualscripting from version 1.6.1 to 1.8.0

=== Sat Mar  4 13:54:30 2023

Packages were changed.
Update Mode: updateDependencies

The following packages were updated:
  com.unity.render-pipelines.high-definition from version 14.0.5 to 14.0.6
  com.unity.timeline from version 1.7.2 to 1.7.3

=== Tue Aug  8 11:02:53 2023

Packages were changed.
Update Mode: updateDependencies

The following packages were updated:
  com.unity.ai.navigation from version 1.1.1 to 1.1.4
  com.unity.collab-proxy from version 2.0.0 to 2.0.5
  com.unity.ide.rider from version 3.0.18 to 3.0.24
  com.unity.ide.visualstudio from version 2.0.17 to 2.0.18
  com.unity.render-pipelines.high-definition from version 14.0.6 to 15.0.6
  com.unity.test-framework from version 1.1.33 to 1.3.7
  com.unity.timeline from version 1.7.3 to 1.8.2

=== Mon Mar  4 14:56:42 2024

Packages were changed.
Update Mode: updateDependencies

The following packages were added:
  com.unity.modules.accessibility@1.0.0
The following packages were updated:
  com.unity.ai.navigation from version 1.1.4 to 2.0.0
  com.unity.collab-proxy from version 2.0.7 to 2.2.0
  com.unity.ide.rider from version 3.0.24 to 3.0.27
  com.unity.ide.visualstudio from version 2.0.20 to 2.0.22
  com.unity.render-pipelines.high-definition from version 15.0.6 to 16.0.5
  com.unity.test-framework from version 1.3.8 to 1.3.9
  com.unity.timeline from version 1.8.4 to 1.8.6
  com.unity.ugui from version 1.0.0 to 2.0.0
The following packages were removed:
  com.unity.textmeshpro@3.0.6
